../audios/audios_babe/simulacion_1/ba_S01_T1_Q_voc_AB1414.wav -> Entrenamiento/Parametros/ba_S01_T1_Q_voc_AB1414.mfc 
../audios/audios_babe/simulacion_1/ba_S01_T2_Q_voc_AB1414.wav -> Entrenamiento/Parametros/ba_S01_T2_Q_voc_AB1414.mfc 
../audios/audios_babe/simulacion_1/ba_S02_T1_Q_voc_AB1414.wav -> Entrenamiento/Parametros/ba_S02_T1_Q_voc_AB1414.mfc 
../audios/audios_babe/simulacion_1/ba_S02_T2_Q_voc_AB1414.wav -> Entrenamiento/Parametros/ba_S02_T2_Q_voc_AB1414.mfc 
../audios/audios_babe/simulacion_1/ba_S03_T1_Q_voc_AB1414.wav -> Entrenamiento/Parametros/ba_S03_T1_Q_voc_AB1414.mfc 
../audios/audios_babe/simulacion_1/ba_S03_T2_Q_voc_AB1414.wav -> Entrenamiento/Parametros/ba_S03_T2_Q_voc_AB1414.mfc 
../audios/audios_babe/simulacion_1/ba_S04_T1_Q_voc_AB1414.wav -> Entrenamiento/Parametros/ba_S04_T1_Q_voc_AB1414.mfc 
../audios/audios_babe/simulacion_1/ba_S04_T2_Q_voc_AB1414.wav -> Entrenamiento/Parametros/ba_S04_T2_Q_voc_AB1414.mfc 
../audios/audios_babe/simulacion_1/ba_S05_T1_Q_voc_AB1414.wav -> Entrenamiento/Parametros/ba_S05_T1_Q_voc_AB1414.mfc 
../audios/audios_babe/simulacion_1/ba_S05_T2_Q_voc_AB1414.wav -> Entrenamiento/Parametros/ba_S05_T2_Q_voc_AB1414.mfc 
../audios/audios_babe/simulacion_1/ba_S06_T1_Q_voc_AB1414.wav -> Entrenamiento/Parametros/ba_S06_T1_Q_voc_AB1414.mfc 
../audios/audios_babe/simulacion_1/ba_S06_T2_Q_voc_AB1414.wav -> Entrenamiento/Parametros/ba_S06_T2_Q_voc_AB1414.mfc 
../audios/audios_babe/simulacion_1/ba_S07_T1_Q_voc_AB1414.wav -> Entrenamiento/Parametros/ba_S07_T1_Q_voc_AB1414.mfc 
../audios/audios_babe/simulacion_1/ba_S07_T2_Q_voc_AB1414.wav -> Entrenamiento/Parametros/ba_S07_T2_Q_voc_AB1414.mfc 
../audios/audios_babe/simulacion_1/ba_S08_T1_Q_voc_AB1414.wav -> Entrenamiento/Parametros/ba_S08_T1_Q_voc_AB1414.mfc 
../audios/audios_babe/simulacion_1/ba_S08_T2_Q_voc_AB1414.wav -> Entrenamiento/Parametros/ba_S08_T2_Q_voc_AB1414.mfc 
../audios/audios_babe/simulacion_1/ba_S09_T1_Q_voc_AB1414.wav -> Entrenamiento/Parametros/ba_S09_T1_Q_voc_AB1414.mfc 
../audios/audios_babe/simulacion_1/ba_S09_T2_Q_voc_AB1414.wav -> Entrenamiento/Parametros/ba_S09_T2_Q_voc_AB1414.mfc 
../audios/audios_babe/simulacion_1/ba_S10_T1_Q_voc_AB1414.wav -> Entrenamiento/Parametros/ba_S10_T1_Q_voc_AB1414.mfc 
../audios/audios_babe/simulacion_1/ba_S10_T2_Q_voc_AB1414.wav -> Entrenamiento/Parametros/ba_S10_T2_Q_voc_AB1414.mfc 
../audios/audios_babe/simulacion_1/ba_S11_T1_Q_voc_AB1414.wav -> Entrenamiento/Parametros/ba_S11_T1_Q_voc_AB1414.mfc 
../audios/audios_babe/simulacion_1/ba_S11_T2_Q_voc_AB1414.wav -> Entrenamiento/Parametros/ba_S11_T2_Q_voc_AB1414.mfc 
../audios/audios_babe/simulacion_1/ba_S12_T1_Q_voc_AB1414.wav -> Entrenamiento/Parametros/ba_S12_T1_Q_voc_AB1414.mfc 
../audios/audios_babe/simulacion_1/ba_S12_T2_Q_voc_AB1414.wav -> Entrenamiento/Parametros/ba_S12_T2_Q_voc_AB1414.mfc 
../audios/audios_babe/simulacion_1/ba_S13_T1_Q_voc_AB1414.wav -> Entrenamiento/Parametros/ba_S13_T1_Q_voc_AB1414.mfc 
../audios/audios_babe/simulacion_1/ba_S14_T1_Q_voc_AB1414.wav -> Entrenamiento/Parametros/ba_S14_T1_Q_voc_AB1414.mfc 
../audios/audios_babe/simulacion_1/be_S01_T1_Q_voc_AB1414.wav -> Entrenamiento/Parametros/be_S01_T1_Q_voc_AB1414.mfc 
../audios/audios_babe/simulacion_1/be_S01_T2_Q_voc_AB1414.wav -> Entrenamiento/Parametros/be_S01_T2_Q_voc_AB1414.mfc 
../audios/audios_babe/simulacion_1/be_S02_T1_Q_voc_AB1414.wav -> Entrenamiento/Parametros/be_S02_T1_Q_voc_AB1414.mfc 
../audios/audios_babe/simulacion_1/be_S02_T2_Q_voc_AB1414.wav -> Entrenamiento/Parametros/be_S02_T2_Q_voc_AB1414.mfc 
../audios/audios_babe/simulacion_1/be_S03_T1_Q_voc_AB1414.wav -> Entrenamiento/Parametros/be_S03_T1_Q_voc_AB1414.mfc 
../audios/audios_babe/simulacion_1/be_S03_T2_Q_voc_AB1414.wav -> Entrenamiento/Parametros/be_S03_T2_Q_voc_AB1414.mfc 
../audios/audios_babe/simulacion_1/be_S04_T1_Q_voc_AB1414.wav -> Entrenamiento/Parametros/be_S04_T1_Q_voc_AB1414.mfc 
../audios/audios_babe/simulacion_1/be_S04_T2_Q_voc_AB1414.wav -> Entrenamiento/Parametros/be_S04_T2_Q_voc_AB1414.mfc 
../audios/audios_babe/simulacion_1/be_S05_T1_Q_voc_AB1414.wav -> Entrenamiento/Parametros/be_S05_T1_Q_voc_AB1414.mfc 
../audios/audios_babe/simulacion_1/be_S05_T2_Q_voc_AB1414.wav -> Entrenamiento/Parametros/be_S05_T2_Q_voc_AB1414.mfc 
../audios/audios_babe/simulacion_1/be_S06_T1_Q_voc_AB1414.wav -> Entrenamiento/Parametros/be_S06_T1_Q_voc_AB1414.mfc 
../audios/audios_babe/simulacion_1/be_S06_T2_Q_voc_AB1414.wav -> Entrenamiento/Parametros/be_S06_T2_Q_voc_AB1414.mfc 
../audios/audios_babe/simulacion_1/be_S07_T1_Q_voc_AB1414.wav -> Entrenamiento/Parametros/be_S07_T1_Q_voc_AB1414.mfc 
../audios/audios_babe/simulacion_1/be_S07_T2_Q_voc_AB1414.wav -> Entrenamiento/Parametros/be_S07_T2_Q_voc_AB1414.mfc 
../audios/audios_babe/simulacion_1/be_S08_T1_Q_voc_AB1414.wav -> Entrenamiento/Parametros/be_S08_T1_Q_voc_AB1414.mfc 
../audios/audios_babe/simulacion_1/be_S08_T2_Q_voc_AB1414.wav -> Entrenamiento/Parametros/be_S08_T2_Q_voc_AB1414.mfc 
../audios/audios_babe/simulacion_1/be_S09_T1_Q_voc_AB1414.wav -> Entrenamiento/Parametros/be_S09_T1_Q_voc_AB1414.mfc 
../audios/audios_babe/simulacion_1/be_S09_T2_Q_voc_AB1414.wav -> Entrenamiento/Parametros/be_S09_T2_Q_voc_AB1414.mfc 
../audios/audios_babe/simulacion_1/be_S10_T1_Q_voc_AB1414.wav -> Entrenamiento/Parametros/be_S10_T1_Q_voc_AB1414.mfc 
../audios/audios_babe/simulacion_1/be_S10_T2_Q_voc_AB1414.wav -> Entrenamiento/Parametros/be_S10_T2_Q_voc_AB1414.mfc 
../audios/audios_babe/simulacion_1/be_S11_T1_Q_voc_AB1414.wav -> Entrenamiento/Parametros/be_S11_T1_Q_voc_AB1414.mfc 
../audios/audios_babe/simulacion_1/be_S11_T2_Q_voc_AB1414.wav -> Entrenamiento/Parametros/be_S11_T2_Q_voc_AB1414.mfc 
../audios/audios_babe/simulacion_1/be_S12_T1_Q_voc_AB1414.wav -> Entrenamiento/Parametros/be_S12_T1_Q_voc_AB1414.mfc 
../audios/audios_babe/simulacion_1/be_S12_T2_Q_voc_AB1414.wav -> Entrenamiento/Parametros/be_S12_T2_Q_voc_AB1414.mfc 
../audios/audios_babe/simulacion_1/be_S13_T1_Q_voc_AB1414.wav -> Entrenamiento/Parametros/be_S13_T1_Q_voc_AB1414.mfc 
../audios/audios_babe/simulacion_1/be_S14_T1_Q_voc_AB1414.wav -> Entrenamiento/Parametros/be_S14_T1_Q_voc_AB1414.mfc 
../audios/audios_babe/simulacion_1/ba_S01_T1_Q_voc_AB1414.wav -> Testeo/Parametros/ba_S01_T1_Q_voc_AB1414.mfc 
../audios/audios_babe/simulacion_1/ba_S01_T2_Q_voc_AB1414.wav -> Testeo/Parametros/ba_S01_T2_Q_voc_AB1414.mfc 
../audios/audios_babe/simulacion_1/ba_S02_T1_Q_voc_AB1414.wav -> Testeo/Parametros/ba_S02_T1_Q_voc_AB1414.mfc 
../audios/audios_babe/simulacion_1/ba_S02_T2_Q_voc_AB1414.wav -> Testeo/Parametros/ba_S02_T2_Q_voc_AB1414.mfc 
../audios/audios_babe/simulacion_1/ba_S03_T1_Q_voc_AB1414.wav -> Testeo/Parametros/ba_S03_T1_Q_voc_AB1414.mfc 
../audios/audios_babe/simulacion_1/ba_S03_T2_Q_voc_AB1414.wav -> Testeo/Parametros/ba_S03_T2_Q_voc_AB1414.mfc 
../audios/audios_babe/simulacion_1/ba_S04_T1_Q_voc_AB1414.wav -> Testeo/Parametros/ba_S04_T1_Q_voc_AB1414.mfc 
../audios/audios_babe/simulacion_1/ba_S04_T2_Q_voc_AB1414.wav -> Testeo/Parametros/ba_S04_T2_Q_voc_AB1414.mfc 
../audios/audios_babe/simulacion_1/ba_S05_T1_Q_voc_AB1414.wav -> Testeo/Parametros/ba_S05_T1_Q_voc_AB1414.mfc 
../audios/audios_babe/simulacion_1/ba_S05_T2_Q_voc_AB1414.wav -> Testeo/Parametros/ba_S05_T2_Q_voc_AB1414.mfc 
../audios/audios_babe/simulacion_1/ba_S06_T1_Q_voc_AB1414.wav -> Testeo/Parametros/ba_S06_T1_Q_voc_AB1414.mfc 
../audios/audios_babe/simulacion_1/ba_S06_T2_Q_voc_AB1414.wav -> Testeo/Parametros/ba_S06_T2_Q_voc_AB1414.mfc 
../audios/audios_babe/simulacion_1/ba_S07_T1_Q_voc_AB1414.wav -> Testeo/Parametros/ba_S07_T1_Q_voc_AB1414.mfc 
../audios/audios_babe/simulacion_1/ba_S07_T2_Q_voc_AB1414.wav -> Testeo/Parametros/ba_S07_T2_Q_voc_AB1414.mfc 
../audios/audios_babe/simulacion_1/ba_S08_T1_Q_voc_AB1414.wav -> Testeo/Parametros/ba_S08_T1_Q_voc_AB1414.mfc 
../audios/audios_babe/simulacion_1/ba_S08_T2_Q_voc_AB1414.wav -> Testeo/Parametros/ba_S08_T2_Q_voc_AB1414.mfc 
../audios/audios_babe/simulacion_1/ba_S09_T1_Q_voc_AB1414.wav -> Testeo/Parametros/ba_S09_T1_Q_voc_AB1414.mfc 
../audios/audios_babe/simulacion_1/ba_S09_T2_Q_voc_AB1414.wav -> Testeo/Parametros/ba_S09_T2_Q_voc_AB1414.mfc 
../audios/audios_babe/simulacion_1/ba_S10_T1_Q_voc_AB1414.wav -> Testeo/Parametros/ba_S10_T1_Q_voc_AB1414.mfc 
../audios/audios_babe/simulacion_1/ba_S10_T2_Q_voc_AB1414.wav -> Testeo/Parametros/ba_S10_T2_Q_voc_AB1414.mfc 
../audios/audios_babe/simulacion_1/ba_S11_T1_Q_voc_AB1414.wav -> Testeo/Parametros/ba_S11_T1_Q_voc_AB1414.mfc 
../audios/audios_babe/simulacion_1/ba_S11_T2_Q_voc_AB1414.wav -> Testeo/Parametros/ba_S11_T2_Q_voc_AB1414.mfc 
../audios/audios_babe/simulacion_1/ba_S12_T1_Q_voc_AB1414.wav -> Testeo/Parametros/ba_S12_T1_Q_voc_AB1414.mfc 
../audios/audios_babe/simulacion_1/ba_S12_T2_Q_voc_AB1414.wav -> Testeo/Parametros/ba_S12_T2_Q_voc_AB1414.mfc 
../audios/audios_babe/simulacion_1/ba_S13_T1_Q_voc_AB1414.wav -> Testeo/Parametros/ba_S13_T1_Q_voc_AB1414.mfc 
../audios/audios_babe/simulacion_1/ba_S14_T1_Q_voc_AB1414.wav -> Testeo/Parametros/ba_S14_T1_Q_voc_AB1414.mfc 
../audios/audios_babe/simulacion_1/be_S01_T1_Q_voc_AB1414.wav -> Testeo/Parametros/be_S01_T1_Q_voc_AB1414.mfc 
../audios/audios_babe/simulacion_1/be_S01_T2_Q_voc_AB1414.wav -> Testeo/Parametros/be_S01_T2_Q_voc_AB1414.mfc 
../audios/audios_babe/simulacion_1/be_S02_T1_Q_voc_AB1414.wav -> Testeo/Parametros/be_S02_T1_Q_voc_AB1414.mfc 
../audios/audios_babe/simulacion_1/be_S02_T2_Q_voc_AB1414.wav -> Testeo/Parametros/be_S02_T2_Q_voc_AB1414.mfc 
../audios/audios_babe/simulacion_1/be_S03_T1_Q_voc_AB1414.wav -> Testeo/Parametros/be_S03_T1_Q_voc_AB1414.mfc 
../audios/audios_babe/simulacion_1/be_S03_T2_Q_voc_AB1414.wav -> Testeo/Parametros/be_S03_T2_Q_voc_AB1414.mfc 
../audios/audios_babe/simulacion_1/be_S04_T1_Q_voc_AB1414.wav -> Testeo/Parametros/be_S04_T1_Q_voc_AB1414.mfc 
../audios/audios_babe/simulacion_1/be_S04_T2_Q_voc_AB1414.wav -> Testeo/Parametros/be_S04_T2_Q_voc_AB1414.mfc 
../audios/audios_babe/simulacion_1/be_S05_T1_Q_voc_AB1414.wav -> Testeo/Parametros/be_S05_T1_Q_voc_AB1414.mfc 
../audios/audios_babe/simulacion_1/be_S05_T2_Q_voc_AB1414.wav -> Testeo/Parametros/be_S05_T2_Q_voc_AB1414.mfc 
../audios/audios_babe/simulacion_1/be_S06_T1_Q_voc_AB1414.wav -> Testeo/Parametros/be_S06_T1_Q_voc_AB1414.mfc 
../audios/audios_babe/simulacion_1/be_S06_T2_Q_voc_AB1414.wav -> Testeo/Parametros/be_S06_T2_Q_voc_AB1414.mfc 
../audios/audios_babe/simulacion_1/be_S07_T1_Q_voc_AB1414.wav -> Testeo/Parametros/be_S07_T1_Q_voc_AB1414.mfc 
../audios/audios_babe/simulacion_1/be_S07_T2_Q_voc_AB1414.wav -> Testeo/Parametros/be_S07_T2_Q_voc_AB1414.mfc 
../audios/audios_babe/simulacion_1/be_S08_T1_Q_voc_AB1414.wav -> Testeo/Parametros/be_S08_T1_Q_voc_AB1414.mfc 
../audios/audios_babe/simulacion_1/be_S08_T2_Q_voc_AB1414.wav -> Testeo/Parametros/be_S08_T2_Q_voc_AB1414.mfc 
../audios/audios_babe/simulacion_1/be_S09_T1_Q_voc_AB1414.wav -> Testeo/Parametros/be_S09_T1_Q_voc_AB1414.mfc 
../audios/audios_babe/simulacion_1/be_S09_T2_Q_voc_AB1414.wav -> Testeo/Parametros/be_S09_T2_Q_voc_AB1414.mfc 
../audios/audios_babe/simulacion_1/be_S10_T1_Q_voc_AB1414.wav -> Testeo/Parametros/be_S10_T1_Q_voc_AB1414.mfc 
../audios/audios_babe/simulacion_1/be_S10_T2_Q_voc_AB1414.wav -> Testeo/Parametros/be_S10_T2_Q_voc_AB1414.mfc 
../audios/audios_babe/simulacion_1/be_S11_T1_Q_voc_AB1414.wav -> Testeo/Parametros/be_S11_T1_Q_voc_AB1414.mfc 
../audios/audios_babe/simulacion_1/be_S11_T2_Q_voc_AB1414.wav -> Testeo/Parametros/be_S11_T2_Q_voc_AB1414.mfc 
../audios/audios_babe/simulacion_1/be_S12_T1_Q_voc_AB1414.wav -> Testeo/Parametros/be_S12_T1_Q_voc_AB1414.mfc 
../audios/audios_babe/simulacion_1/be_S12_T2_Q_voc_AB1414.wav -> Testeo/Parametros/be_S12_T2_Q_voc_AB1414.mfc 
../audios/audios_babe/simulacion_1/be_S13_T1_Q_voc_AB1414.wav -> Testeo/Parametros/be_S13_T1_Q_voc_AB1414.mfc 
../audios/audios_babe/simulacion_1/be_S14_T1_Q_voc_AB1414.wav -> Testeo/Parametros/be_S14_T1_Q_voc_AB1414.mfc 
Pruning-Off
Pruning-Off
Pruning-Off
Read 4 physical / 4 logical HMMs
Read lattice with 7 nodes / 7 arcs
 WARNING [-8221]  InitPronHolders: Total of 2 duplicate pronunciations removed in HVite
Created network with 15 nodes / 15 links
File: Testeo/Parametros/ba_S01_T1_Q_voc_AB1414.mfc
silence ba silence  ==  [50 frames] -118.4536 [Ac=-5922.7 LM=0.0] (Act=10.8)
File: Testeo/Parametros/ba_S01_T2_Q_voc_AB1414.mfc
silence ba silence  ==  [40 frames] -118.0834 [Ac=-4723.3 LM=0.0] (Act=10.2)
File: Testeo/Parametros/be_S01_T1_Q_voc_AB1414.mfc
silence be silence  ==  [44 frames] -111.0369 [Ac=-4885.6 LM=0.0] (Act=10.5)
File: Testeo/Parametros/be_S01_T2_Q_voc_AB1414.mfc
silence be silence  ==  [42 frames] -116.5949 [Ac=-4897.0 LM=0.0] (Act=10.3)
Pruning-Off
Pruning-Off
Pruning-Off
Read 4 physical / 4 logical HMMs
Read lattice with 7 nodes / 7 arcs
 WARNING [-8221]  InitPronHolders: Total of 2 duplicate pronunciations removed in HVite
Created network with 15 nodes / 15 links
File: Testeo/Parametros/ba_S02_T1_Q_voc_AB1414.mfc
silence ba silence  ==  [46 frames] -116.6510 [Ac=-5365.9 LM=0.0] (Act=10.6)
File: Testeo/Parametros/ba_S02_T2_Q_voc_AB1414.mfc
silence ba silence  ==  [47 frames] -114.8355 [Ac=-5397.3 LM=0.0] (Act=10.6)
File: Testeo/Parametros/be_S02_T1_Q_voc_AB1414.mfc
silence be silence  ==  [46 frames] -116.4909 [Ac=-5358.6 LM=0.0] (Act=10.6)
File: Testeo/Parametros/be_S02_T2_Q_voc_AB1414.mfc
silence be silence  ==  [59 frames] -140.0093 [Ac=-8260.5 LM=0.0] (Act=11.1)
Pruning-Off
Pruning-Off
Pruning-Off
Read 4 physical / 4 logical HMMs
Read lattice with 7 nodes / 7 arcs
 WARNING [-8221]  InitPronHolders: Total of 2 duplicate pronunciations removed in HVite
Created network with 15 nodes / 15 links
File: Testeo/Parametros/ba_S03_T1_Q_voc_AB1414.mfc
silence ba silence  ==  [39 frames] -111.0640 [Ac=-4331.5 LM=0.0] (Act=10.1)
File: Testeo/Parametros/ba_S03_T2_Q_voc_AB1414.mfc
silence ba silence  ==  [39 frames] -113.8715 [Ac=-4441.0 LM=0.0] (Act=10.1)
File: Testeo/Parametros/be_S03_T1_Q_voc_AB1414.mfc
silence be silence  ==  [38 frames] -105.0825 [Ac=-3993.1 LM=0.0] (Act=10.1)
File: Testeo/Parametros/be_S03_T2_Q_voc_AB1414.mfc
silence be silence  ==  [40 frames] -111.8934 [Ac=-4475.7 LM=0.0] (Act=10.2)
Pruning-Off
Pruning-Off
Pruning-Off
Read 4 physical / 4 logical HMMs
Read lattice with 7 nodes / 7 arcs
 WARNING [-8221]  InitPronHolders: Total of 2 duplicate pronunciations removed in HVite
Created network with 15 nodes / 15 links
File: Testeo/Parametros/ba_S04_T1_Q_voc_AB1414.mfc
silence ba silence  ==  [33 frames] -107.1333 [Ac=-3535.4 LM=0.0] (Act=9.6)
File: Testeo/Parametros/ba_S04_T2_Q_voc_AB1414.mfc
silence ba silence  ==  [34 frames] -103.4258 [Ac=-3516.5 LM=0.0] (Act=9.7)
File: Testeo/Parametros/be_S04_T1_Q_voc_AB1414.mfc
silence be silence  ==  [31 frames] -105.6018 [Ac=-3273.7 LM=0.0] (Act=9.4)
File: Testeo/Parametros/be_S04_T2_Q_voc_AB1414.mfc
silence be silence  ==  [35 frames] -111.3826 [Ac=-3898.4 LM=0.0] (Act=9.8)
Pruning-Off
Pruning-Off
Pruning-Off
Read 4 physical / 4 logical HMMs
Read lattice with 7 nodes / 7 arcs
 WARNING [-8221]  InitPronHolders: Total of 2 duplicate pronunciations removed in HVite
Created network with 15 nodes / 15 links
File: Testeo/Parametros/ba_S05_T1_Q_voc_AB1414.mfc
silence ba silence  ==  [41 frames] -107.2974 [Ac=-4399.2 LM=0.0] (Act=10.3)
File: Testeo/Parametros/ba_S05_T2_Q_voc_AB1414.mfc
silence ba silence  ==  [37 frames] -114.2964 [Ac=-4229.0 LM=0.0] (Act=10.0)
File: Testeo/Parametros/be_S05_T1_Q_voc_AB1414.mfc
silence be silence  ==  [40 frames] -109.4415 [Ac=-4377.7 LM=0.0] (Act=10.2)
File: Testeo/Parametros/be_S05_T2_Q_voc_AB1414.mfc
silence be silence  ==  [31 frames] -110.5065 [Ac=-3425.7 LM=0.0] (Act=9.4)
Pruning-Off
Pruning-Off
Pruning-Off
Read 4 physical / 4 logical HMMs
Read lattice with 7 nodes / 7 arcs
 WARNING [-8221]  InitPronHolders: Total of 2 duplicate pronunciations removed in HVite
Created network with 15 nodes / 15 links
File: Testeo/Parametros/ba_S06_T1_Q_voc_AB1414.mfc
silence ba silence  ==  [49 frames] -111.5771 [Ac=-5467.3 LM=0.0] (Act=10.7)
File: Testeo/Parametros/ba_S06_T2_Q_voc_AB1414.mfc
silence ba silence  ==  [48 frames] -104.3004 [Ac=-5006.4 LM=0.0] (Act=10.7)
File: Testeo/Parametros/be_S06_T1_Q_voc_AB1414.mfc
silence be silence  ==  [51 frames] -105.6891 [Ac=-5390.1 LM=0.0] (Act=10.8)
File: Testeo/Parametros/be_S06_T2_Q_voc_AB1414.mfc
silence be silence  ==  [47 frames] -113.3325 [Ac=-5326.6 LM=0.0] (Act=10.6)
Pruning-Off
Pruning-Off
Pruning-Off
Read 4 physical / 4 logical HMMs
Read lattice with 7 nodes / 7 arcs
 WARNING [-8221]  InitPronHolders: Total of 2 duplicate pronunciations removed in HVite
Created network with 15 nodes / 15 links
File: Testeo/Parametros/ba_S07_T1_Q_voc_AB1414.mfc
silence ba silence  ==  [36 frames] -111.1570 [Ac=-4001.7 LM=0.0] (Act=9.9)
File: Testeo/Parametros/ba_S07_T2_Q_voc_AB1414.mfc
silence ba silence  ==  [46 frames] -111.9604 [Ac=-5150.2 LM=0.0] (Act=10.6)
File: Testeo/Parametros/be_S07_T1_Q_voc_AB1414.mfc
silence be silence  ==  [39 frames] -110.4570 [Ac=-4307.8 LM=0.0] (Act=10.1)
File: Testeo/Parametros/be_S07_T2_Q_voc_AB1414.mfc
silence be silence  ==  [42 frames] -104.4138 [Ac=-4385.4 LM=0.0] (Act=10.3)
Pruning-Off
Pruning-Off
Pruning-Off
Read 4 physical / 4 logical HMMs
Read lattice with 7 nodes / 7 arcs
 WARNING [-8221]  InitPronHolders: Total of 2 duplicate pronunciations removed in HVite
Created network with 15 nodes / 15 links
File: Testeo/Parametros/ba_S08_T1_Q_voc_AB1414.mfc
silence ba silence  ==  [47 frames] -107.7317 [Ac=-5063.4 LM=0.0] (Act=10.6)
File: Testeo/Parametros/ba_S08_T2_Q_voc_AB1414.mfc
silence ba silence  ==  [59 frames] -108.7590 [Ac=-6416.8 LM=0.0] (Act=11.1)
File: Testeo/Parametros/be_S08_T1_Q_voc_AB1414.mfc
silence be silence  ==  [41 frames] -102.5257 [Ac=-4203.6 LM=0.0] (Act=10.3)
File: Testeo/Parametros/be_S08_T2_Q_voc_AB1414.mfc
silence be silence  ==  [63 frames] -102.2274 [Ac=-6440.3 LM=0.0] (Act=11.2)
Pruning-Off
Pruning-Off
Pruning-Off
Read 4 physical / 4 logical HMMs
Read lattice with 7 nodes / 7 arcs
 WARNING [-8221]  InitPronHolders: Total of 2 duplicate pronunciations removed in HVite
Created network with 15 nodes / 15 links
File: Testeo/Parametros/ba_S09_T1_Q_voc_AB1414.mfc
silence ba silence  ==  [40 frames] -106.6616 [Ac=-4266.5 LM=0.0] (Act=10.2)
File: Testeo/Parametros/ba_S09_T2_Q_voc_AB1414.mfc
silence ba silence  ==  [38 frames] -105.8132 [Ac=-4020.9 LM=0.0] (Act=10.1)
File: Testeo/Parametros/be_S09_T1_Q_voc_AB1414.mfc
silence be silence  ==  [38 frames] -106.9362 [Ac=-4063.6 LM=0.0] (Act=10.1)
File: Testeo/Parametros/be_S09_T2_Q_voc_AB1414.mfc
silence be silence  ==  [34 frames] -108.6862 [Ac=-3695.3 LM=0.0] (Act=9.7)
Pruning-Off
Pruning-Off
Pruning-Off
Read 4 physical / 4 logical HMMs
Read lattice with 7 nodes / 7 arcs
 WARNING [-8221]  InitPronHolders: Total of 2 duplicate pronunciations removed in HVite
Created network with 15 nodes / 15 links
File: Testeo/Parametros/ba_S10_T1_Q_voc_AB1414.mfc
silence ba silence  ==  [34 frames] -107.6208 [Ac=-3659.1 LM=0.0] (Act=9.7)
File: Testeo/Parametros/ba_S10_T2_Q_voc_AB1414.mfc
silence ba silence  ==  [39 frames] -110.1284 [Ac=-4295.0 LM=0.0] (Act=10.1)
File: Testeo/Parametros/be_S10_T1_Q_voc_AB1414.mfc
silence be silence  ==  [33 frames] -106.6027 [Ac=-3517.9 LM=0.0] (Act=9.6)
File: Testeo/Parametros/be_S10_T2_Q_voc_AB1414.mfc
silence be silence  ==  [45 frames] -105.6417 [Ac=-4753.9 LM=0.0] (Act=10.5)
Pruning-Off
Pruning-Off
Pruning-Off
Read 4 physical / 4 logical HMMs
Read lattice with 7 nodes / 7 arcs
 WARNING [-8221]  InitPronHolders: Total of 2 duplicate pronunciations removed in HVite
Created network with 15 nodes / 15 links
File: Testeo/Parametros/ba_S11_T1_Q_voc_AB1414.mfc
silence ba silence  ==  [45 frames] -113.9233 [Ac=-5126.5 LM=0.0] (Act=10.5)
File: Testeo/Parametros/ba_S11_T2_Q_voc_AB1414.mfc
silence ba silence  ==  [37 frames] -123.4956 [Ac=-4569.3 LM=0.0] (Act=10.0)
File: Testeo/Parametros/be_S11_T1_Q_voc_AB1414.mfc
silence be silence  ==  [37 frames] -112.6880 [Ac=-4169.5 LM=0.0] (Act=10.0)
File: Testeo/Parametros/be_S11_T2_Q_voc_AB1414.mfc
silence be silence  ==  [34 frames] -113.4180 [Ac=-3856.2 LM=0.0] (Act=9.7)
Pruning-Off
Pruning-Off
Pruning-Off
Read 4 physical / 4 logical HMMs
Read lattice with 7 nodes / 7 arcs
 WARNING [-8221]  InitPronHolders: Total of 2 duplicate pronunciations removed in HVite
Created network with 15 nodes / 15 links
File: Testeo/Parametros/ba_S12_T1_Q_voc_AB1414.mfc
silence ba silence  ==  [39 frames] -104.9519 [Ac=-4093.1 LM=0.0] (Act=10.1)
File: Testeo/Parametros/ba_S12_T2_Q_voc_AB1414.mfc
silence ba silence  ==  [43 frames] -109.6294 [Ac=-4714.1 LM=0.0] (Act=10.4)
File: Testeo/Parametros/be_S12_T1_Q_voc_AB1414.mfc
silence be silence  ==  [38 frames] -105.9262 [Ac=-4025.2 LM=0.0] (Act=10.1)
File: Testeo/Parametros/be_S12_T2_Q_voc_AB1414.mfc
silence be silence  ==  [45 frames] -106.7046 [Ac=-4801.7 LM=0.0] (Act=10.5)
Pruning-Off
Pruning-Off
Pruning-Off
Read 4 physical / 4 logical HMMs
Read lattice with 7 nodes / 7 arcs
 WARNING [-8221]  InitPronHolders: Total of 2 duplicate pronunciations removed in HVite
Created network with 15 nodes / 15 links
File: Testeo/Parametros/ba_S13_T1_Q_voc_AB1414.mfc
silence ba silence  ==  [36 frames] -115.0596 [Ac=-4142.1 LM=0.0] (Act=9.9)
File: Testeo/Parametros/be_S13_T1_Q_voc_AB1414.mfc
silence be silence  ==  [37 frames] -108.8314 [Ac=-4026.8 LM=0.0] (Act=10.0)
Pruning-Off
Pruning-Off
Pruning-Off
Read 4 physical / 4 logical HMMs
Read lattice with 7 nodes / 7 arcs
 WARNING [-8221]  InitPronHolders: Total of 2 duplicate pronunciations removed in HVite
Created network with 15 nodes / 15 links
File: Testeo/Parametros/ba_S14_T1_Q_voc_AB1414.mfc
silence ba silence  ==  [45 frames] -109.3210 [Ac=-4919.4 LM=0.0] (Act=10.5)
File: Testeo/Parametros/be_S14_T1_Q_voc_AB1414.mfc
silence be silence  ==  [49 frames] -107.8833 [Ac=-5286.3 LM=0.0] (Act=10.7)
../audios/audios_babe/simulacion_2/ba_S01_T1_Q_voc_AB1414.wav -> Entrenamiento/Parametros/ba_S01_T1_Q_voc_AB1414.mfc 
../audios/audios_babe/simulacion_2/ba_S01_T2_Q_voc_AB1414.wav -> Entrenamiento/Parametros/ba_S01_T2_Q_voc_AB1414.mfc 
../audios/audios_babe/simulacion_2/ba_S02_T1_Q_voc_AB1414.wav -> Entrenamiento/Parametros/ba_S02_T1_Q_voc_AB1414.mfc 
../audios/audios_babe/simulacion_2/ba_S02_T2_Q_voc_AB1414.wav -> Entrenamiento/Parametros/ba_S02_T2_Q_voc_AB1414.mfc 
../audios/audios_babe/simulacion_2/ba_S03_T1_Q_voc_AB1414.wav -> Entrenamiento/Parametros/ba_S03_T1_Q_voc_AB1414.mfc 
../audios/audios_babe/simulacion_2/ba_S03_T2_Q_voc_AB1414.wav -> Entrenamiento/Parametros/ba_S03_T2_Q_voc_AB1414.mfc 
../audios/audios_babe/simulacion_2/ba_S04_T1_Q_voc_AB1414.wav -> Entrenamiento/Parametros/ba_S04_T1_Q_voc_AB1414.mfc 
../audios/audios_babe/simulacion_2/ba_S04_T2_Q_voc_AB1414.wav -> Entrenamiento/Parametros/ba_S04_T2_Q_voc_AB1414.mfc 
../audios/audios_babe/simulacion_2/ba_S05_T1_Q_voc_AB1414.wav -> Entrenamiento/Parametros/ba_S05_T1_Q_voc_AB1414.mfc 
../audios/audios_babe/simulacion_2/ba_S05_T2_Q_voc_AB1414.wav -> Entrenamiento/Parametros/ba_S05_T2_Q_voc_AB1414.mfc 
../audios/audios_babe/simulacion_2/ba_S06_T1_Q_voc_AB1414.wav -> Entrenamiento/Parametros/ba_S06_T1_Q_voc_AB1414.mfc 
../audios/audios_babe/simulacion_2/ba_S06_T2_Q_voc_AB1414.wav -> Entrenamiento/Parametros/ba_S06_T2_Q_voc_AB1414.mfc 
../audios/audios_babe/simulacion_2/ba_S07_T1_Q_voc_AB1414.wav -> Entrenamiento/Parametros/ba_S07_T1_Q_voc_AB1414.mfc 
../audios/audios_babe/simulacion_2/ba_S07_T2_Q_voc_AB1414.wav -> Entrenamiento/Parametros/ba_S07_T2_Q_voc_AB1414.mfc 
../audios/audios_babe/simulacion_2/ba_S08_T1_Q_voc_AB1414.wav -> Entrenamiento/Parametros/ba_S08_T1_Q_voc_AB1414.mfc 
../audios/audios_babe/simulacion_2/ba_S08_T2_Q_voc_AB1414.wav -> Entrenamiento/Parametros/ba_S08_T2_Q_voc_AB1414.mfc 
../audios/audios_babe/simulacion_2/ba_S09_T1_Q_voc_AB1414.wav -> Entrenamiento/Parametros/ba_S09_T1_Q_voc_AB1414.mfc 
../audios/audios_babe/simulacion_2/ba_S09_T2_Q_voc_AB1414.wav -> Entrenamiento/Parametros/ba_S09_T2_Q_voc_AB1414.mfc 
../audios/audios_babe/simulacion_2/ba_S10_T1_Q_voc_AB1414.wav -> Entrenamiento/Parametros/ba_S10_T1_Q_voc_AB1414.mfc 
../audios/audios_babe/simulacion_2/ba_S10_T2_Q_voc_AB1414.wav -> Entrenamiento/Parametros/ba_S10_T2_Q_voc_AB1414.mfc 
../audios/audios_babe/simulacion_2/ba_S11_T1_Q_voc_AB1414.wav -> Entrenamiento/Parametros/ba_S11_T1_Q_voc_AB1414.mfc 
../audios/audios_babe/simulacion_2/ba_S11_T2_Q_voc_AB1414.wav -> Entrenamiento/Parametros/ba_S11_T2_Q_voc_AB1414.mfc 
../audios/audios_babe/simulacion_2/ba_S12_T1_Q_voc_AB1414.wav -> Entrenamiento/Parametros/ba_S12_T1_Q_voc_AB1414.mfc 
../audios/audios_babe/simulacion_2/ba_S12_T2_Q_voc_AB1414.wav -> Entrenamiento/Parametros/ba_S12_T2_Q_voc_AB1414.mfc 
../audios/audios_babe/simulacion_2/ba_S13_T1_Q_voc_AB1414.wav -> Entrenamiento/Parametros/ba_S13_T1_Q_voc_AB1414.mfc 
../audios/audios_babe/simulacion_2/ba_S14_T1_Q_voc_AB1414.wav -> Entrenamiento/Parametros/ba_S14_T1_Q_voc_AB1414.mfc 
../audios/audios_babe/simulacion_2/be_S01_T1_Q_voc_AB1414.wav -> Entrenamiento/Parametros/be_S01_T1_Q_voc_AB1414.mfc 
../audios/audios_babe/simulacion_2/be_S01_T2_Q_voc_AB1414.wav -> Entrenamiento/Parametros/be_S01_T2_Q_voc_AB1414.mfc 
../audios/audios_babe/simulacion_2/be_S02_T1_Q_voc_AB1414.wav -> Entrenamiento/Parametros/be_S02_T1_Q_voc_AB1414.mfc 
../audios/audios_babe/simulacion_2/be_S02_T2_Q_voc_AB1414.wav -> Entrenamiento/Parametros/be_S02_T2_Q_voc_AB1414.mfc 
../audios/audios_babe/simulacion_2/be_S03_T1_Q_voc_AB1414.wav -> Entrenamiento/Parametros/be_S03_T1_Q_voc_AB1414.mfc 
../audios/audios_babe/simulacion_2/be_S03_T2_Q_voc_AB1414.wav -> Entrenamiento/Parametros/be_S03_T2_Q_voc_AB1414.mfc 
../audios/audios_babe/simulacion_2/be_S04_T1_Q_voc_AB1414.wav -> Entrenamiento/Parametros/be_S04_T1_Q_voc_AB1414.mfc 
../audios/audios_babe/simulacion_2/be_S04_T2_Q_voc_AB1414.wav -> Entrenamiento/Parametros/be_S04_T2_Q_voc_AB1414.mfc 
../audios/audios_babe/simulacion_2/be_S05_T1_Q_voc_AB1414.wav -> Entrenamiento/Parametros/be_S05_T1_Q_voc_AB1414.mfc 
../audios/audios_babe/simulacion_2/be_S05_T2_Q_voc_AB1414.wav -> Entrenamiento/Parametros/be_S05_T2_Q_voc_AB1414.mfc 
../audios/audios_babe/simulacion_2/be_S06_T1_Q_voc_AB1414.wav -> Entrenamiento/Parametros/be_S06_T1_Q_voc_AB1414.mfc 
../audios/audios_babe/simulacion_2/be_S06_T2_Q_voc_AB1414.wav -> Entrenamiento/Parametros/be_S06_T2_Q_voc_AB1414.mfc 
../audios/audios_babe/simulacion_2/be_S07_T1_Q_voc_AB1414.wav -> Entrenamiento/Parametros/be_S07_T1_Q_voc_AB1414.mfc 
../audios/audios_babe/simulacion_2/be_S07_T2_Q_voc_AB1414.wav -> Entrenamiento/Parametros/be_S07_T2_Q_voc_AB1414.mfc 
../audios/audios_babe/simulacion_2/be_S08_T1_Q_voc_AB1414.wav -> Entrenamiento/Parametros/be_S08_T1_Q_voc_AB1414.mfc 
../audios/audios_babe/simulacion_2/be_S08_T2_Q_voc_AB1414.wav -> Entrenamiento/Parametros/be_S08_T2_Q_voc_AB1414.mfc 
../audios/audios_babe/simulacion_2/be_S09_T1_Q_voc_AB1414.wav -> Entrenamiento/Parametros/be_S09_T1_Q_voc_AB1414.mfc 
../audios/audios_babe/simulacion_2/be_S09_T2_Q_voc_AB1414.wav -> Entrenamiento/Parametros/be_S09_T2_Q_voc_AB1414.mfc 
../audios/audios_babe/simulacion_2/be_S10_T1_Q_voc_AB1414.wav -> Entrenamiento/Parametros/be_S10_T1_Q_voc_AB1414.mfc 
../audios/audios_babe/simulacion_2/be_S10_T2_Q_voc_AB1414.wav -> Entrenamiento/Parametros/be_S10_T2_Q_voc_AB1414.mfc 
../audios/audios_babe/simulacion_2/be_S11_T1_Q_voc_AB1414.wav -> Entrenamiento/Parametros/be_S11_T1_Q_voc_AB1414.mfc 
../audios/audios_babe/simulacion_2/be_S11_T2_Q_voc_AB1414.wav -> Entrenamiento/Parametros/be_S11_T2_Q_voc_AB1414.mfc 
../audios/audios_babe/simulacion_2/be_S12_T1_Q_voc_AB1414.wav -> Entrenamiento/Parametros/be_S12_T1_Q_voc_AB1414.mfc 
../audios/audios_babe/simulacion_2/be_S12_T2_Q_voc_AB1414.wav -> Entrenamiento/Parametros/be_S12_T2_Q_voc_AB1414.mfc 
../audios/audios_babe/simulacion_2/be_S13_T1_Q_voc_AB1414.wav -> Entrenamiento/Parametros/be_S13_T1_Q_voc_AB1414.mfc 
../audios/audios_babe/simulacion_2/be_S14_T1_Q_voc_AB1414.wav -> Entrenamiento/Parametros/be_S14_T1_Q_voc_AB1414.mfc 
../audios/audios_babe/simulacion_2/ba_S01_T1_Q_voc_AB1414.wav -> Testeo/Parametros/ba_S01_T1_Q_voc_AB1414.mfc 
../audios/audios_babe/simulacion_2/ba_S01_T2_Q_voc_AB1414.wav -> Testeo/Parametros/ba_S01_T2_Q_voc_AB1414.mfc 
../audios/audios_babe/simulacion_2/ba_S02_T1_Q_voc_AB1414.wav -> Testeo/Parametros/ba_S02_T1_Q_voc_AB1414.mfc 
../audios/audios_babe/simulacion_2/ba_S02_T2_Q_voc_AB1414.wav -> Testeo/Parametros/ba_S02_T2_Q_voc_AB1414.mfc 
../audios/audios_babe/simulacion_2/ba_S03_T1_Q_voc_AB1414.wav -> Testeo/Parametros/ba_S03_T1_Q_voc_AB1414.mfc 
../audios/audios_babe/simulacion_2/ba_S03_T2_Q_voc_AB1414.wav -> Testeo/Parametros/ba_S03_T2_Q_voc_AB1414.mfc 
../audios/audios_babe/simulacion_2/ba_S04_T1_Q_voc_AB1414.wav -> Testeo/Parametros/ba_S04_T1_Q_voc_AB1414.mfc 
../audios/audios_babe/simulacion_2/ba_S04_T2_Q_voc_AB1414.wav -> Testeo/Parametros/ba_S04_T2_Q_voc_AB1414.mfc 
../audios/audios_babe/simulacion_2/ba_S05_T1_Q_voc_AB1414.wav -> Testeo/Parametros/ba_S05_T1_Q_voc_AB1414.mfc 
../audios/audios_babe/simulacion_2/ba_S05_T2_Q_voc_AB1414.wav -> Testeo/Parametros/ba_S05_T2_Q_voc_AB1414.mfc 
../audios/audios_babe/simulacion_2/ba_S06_T1_Q_voc_AB1414.wav -> Testeo/Parametros/ba_S06_T1_Q_voc_AB1414.mfc 
../audios/audios_babe/simulacion_2/ba_S06_T2_Q_voc_AB1414.wav -> Testeo/Parametros/ba_S06_T2_Q_voc_AB1414.mfc 
../audios/audios_babe/simulacion_2/ba_S07_T1_Q_voc_AB1414.wav -> Testeo/Parametros/ba_S07_T1_Q_voc_AB1414.mfc 
../audios/audios_babe/simulacion_2/ba_S07_T2_Q_voc_AB1414.wav -> Testeo/Parametros/ba_S07_T2_Q_voc_AB1414.mfc 
../audios/audios_babe/simulacion_2/ba_S08_T1_Q_voc_AB1414.wav -> Testeo/Parametros/ba_S08_T1_Q_voc_AB1414.mfc 
../audios/audios_babe/simulacion_2/ba_S08_T2_Q_voc_AB1414.wav -> Testeo/Parametros/ba_S08_T2_Q_voc_AB1414.mfc 
../audios/audios_babe/simulacion_2/ba_S09_T1_Q_voc_AB1414.wav -> Testeo/Parametros/ba_S09_T1_Q_voc_AB1414.mfc 
../audios/audios_babe/simulacion_2/ba_S09_T2_Q_voc_AB1414.wav -> Testeo/Parametros/ba_S09_T2_Q_voc_AB1414.mfc 
../audios/audios_babe/simulacion_2/ba_S10_T1_Q_voc_AB1414.wav -> Testeo/Parametros/ba_S10_T1_Q_voc_AB1414.mfc 
../audios/audios_babe/simulacion_2/ba_S10_T2_Q_voc_AB1414.wav -> Testeo/Parametros/ba_S10_T2_Q_voc_AB1414.mfc 
../audios/audios_babe/simulacion_2/ba_S11_T1_Q_voc_AB1414.wav -> Testeo/Parametros/ba_S11_T1_Q_voc_AB1414.mfc 
../audios/audios_babe/simulacion_2/ba_S11_T2_Q_voc_AB1414.wav -> Testeo/Parametros/ba_S11_T2_Q_voc_AB1414.mfc 
../audios/audios_babe/simulacion_2/ba_S12_T1_Q_voc_AB1414.wav -> Testeo/Parametros/ba_S12_T1_Q_voc_AB1414.mfc 
../audios/audios_babe/simulacion_2/ba_S12_T2_Q_voc_AB1414.wav -> Testeo/Parametros/ba_S12_T2_Q_voc_AB1414.mfc 
../audios/audios_babe/simulacion_2/ba_S13_T1_Q_voc_AB1414.wav -> Testeo/Parametros/ba_S13_T1_Q_voc_AB1414.mfc 
../audios/audios_babe/simulacion_2/ba_S14_T1_Q_voc_AB1414.wav -> Testeo/Parametros/ba_S14_T1_Q_voc_AB1414.mfc 
../audios/audios_babe/simulacion_2/be_S01_T1_Q_voc_AB1414.wav -> Testeo/Parametros/be_S01_T1_Q_voc_AB1414.mfc 
../audios/audios_babe/simulacion_2/be_S01_T2_Q_voc_AB1414.wav -> Testeo/Parametros/be_S01_T2_Q_voc_AB1414.mfc 
../audios/audios_babe/simulacion_2/be_S02_T1_Q_voc_AB1414.wav -> Testeo/Parametros/be_S02_T1_Q_voc_AB1414.mfc 
../audios/audios_babe/simulacion_2/be_S02_T2_Q_voc_AB1414.wav -> Testeo/Parametros/be_S02_T2_Q_voc_AB1414.mfc 
../audios/audios_babe/simulacion_2/be_S03_T1_Q_voc_AB1414.wav -> Testeo/Parametros/be_S03_T1_Q_voc_AB1414.mfc 
../audios/audios_babe/simulacion_2/be_S03_T2_Q_voc_AB1414.wav -> Testeo/Parametros/be_S03_T2_Q_voc_AB1414.mfc 
../audios/audios_babe/simulacion_2/be_S04_T1_Q_voc_AB1414.wav -> Testeo/Parametros/be_S04_T1_Q_voc_AB1414.mfc 
../audios/audios_babe/simulacion_2/be_S04_T2_Q_voc_AB1414.wav -> Testeo/Parametros/be_S04_T2_Q_voc_AB1414.mfc 
../audios/audios_babe/simulacion_2/be_S05_T1_Q_voc_AB1414.wav -> Testeo/Parametros/be_S05_T1_Q_voc_AB1414.mfc 
../audios/audios_babe/simulacion_2/be_S05_T2_Q_voc_AB1414.wav -> Testeo/Parametros/be_S05_T2_Q_voc_AB1414.mfc 
../audios/audios_babe/simulacion_2/be_S06_T1_Q_voc_AB1414.wav -> Testeo/Parametros/be_S06_T1_Q_voc_AB1414.mfc 
../audios/audios_babe/simulacion_2/be_S06_T2_Q_voc_AB1414.wav -> Testeo/Parametros/be_S06_T2_Q_voc_AB1414.mfc 
../audios/audios_babe/simulacion_2/be_S07_T1_Q_voc_AB1414.wav -> Testeo/Parametros/be_S07_T1_Q_voc_AB1414.mfc 
../audios/audios_babe/simulacion_2/be_S07_T2_Q_voc_AB1414.wav -> Testeo/Parametros/be_S07_T2_Q_voc_AB1414.mfc 
../audios/audios_babe/simulacion_2/be_S08_T1_Q_voc_AB1414.wav -> Testeo/Parametros/be_S08_T1_Q_voc_AB1414.mfc 
../audios/audios_babe/simulacion_2/be_S08_T2_Q_voc_AB1414.wav -> Testeo/Parametros/be_S08_T2_Q_voc_AB1414.mfc 
../audios/audios_babe/simulacion_2/be_S09_T1_Q_voc_AB1414.wav -> Testeo/Parametros/be_S09_T1_Q_voc_AB1414.mfc 
../audios/audios_babe/simulacion_2/be_S09_T2_Q_voc_AB1414.wav -> Testeo/Parametros/be_S09_T2_Q_voc_AB1414.mfc 
../audios/audios_babe/simulacion_2/be_S10_T1_Q_voc_AB1414.wav -> Testeo/Parametros/be_S10_T1_Q_voc_AB1414.mfc 
../audios/audios_babe/simulacion_2/be_S10_T2_Q_voc_AB1414.wav -> Testeo/Parametros/be_S10_T2_Q_voc_AB1414.mfc 
../audios/audios_babe/simulacion_2/be_S11_T1_Q_voc_AB1414.wav -> Testeo/Parametros/be_S11_T1_Q_voc_AB1414.mfc 
../audios/audios_babe/simulacion_2/be_S11_T2_Q_voc_AB1414.wav -> Testeo/Parametros/be_S11_T2_Q_voc_AB1414.mfc 
../audios/audios_babe/simulacion_2/be_S12_T1_Q_voc_AB1414.wav -> Testeo/Parametros/be_S12_T1_Q_voc_AB1414.mfc 
../audios/audios_babe/simulacion_2/be_S12_T2_Q_voc_AB1414.wav -> Testeo/Parametros/be_S12_T2_Q_voc_AB1414.mfc 
../audios/audios_babe/simulacion_2/be_S13_T1_Q_voc_AB1414.wav -> Testeo/Parametros/be_S13_T1_Q_voc_AB1414.mfc 
../audios/audios_babe/simulacion_2/be_S14_T1_Q_voc_AB1414.wav -> Testeo/Parametros/be_S14_T1_Q_voc_AB1414.mfc 
Pruning-Off
Pruning-Off
Pruning-Off
Read 4 physical / 4 logical HMMs
Read lattice with 7 nodes / 7 arcs
 WARNING [-8221]  InitPronHolders: Total of 2 duplicate pronunciations removed in HVite
Created network with 15 nodes / 15 links
File: Testeo/Parametros/ba_S01_T1_Q_voc_AB1414.mfc
silence ba silence  ==  [50 frames] -116.0049 [Ac=-5800.2 LM=0.0] (Act=10.8)
File: Testeo/Parametros/ba_S01_T2_Q_voc_AB1414.mfc
silence ba silence  ==  [40 frames] -115.9900 [Ac=-4639.6 LM=0.0] (Act=10.2)
File: Testeo/Parametros/be_S01_T1_Q_voc_AB1414.mfc
silence be silence  ==  [44 frames] -112.8687 [Ac=-4966.2 LM=0.0] (Act=10.5)
File: Testeo/Parametros/be_S01_T2_Q_voc_AB1414.mfc
silence be silence  ==  [42 frames] -115.8207 [Ac=-4864.5 LM=0.0] (Act=10.3)
Pruning-Off
Pruning-Off
Pruning-Off
Read 4 physical / 4 logical HMMs
Read lattice with 7 nodes / 7 arcs
 WARNING [-8221]  InitPronHolders: Total of 2 duplicate pronunciations removed in HVite
Created network with 15 nodes / 15 links
File: Testeo/Parametros/ba_S02_T1_Q_voc_AB1414.mfc
silence ba silence  ==  [46 frames] -116.9754 [Ac=-5380.9 LM=0.0] (Act=10.6)
File: Testeo/Parametros/ba_S02_T2_Q_voc_AB1414.mfc
silence ba silence  ==  [47 frames] -109.0794 [Ac=-5126.7 LM=0.0] (Act=10.6)
File: Testeo/Parametros/be_S02_T1_Q_voc_AB1414.mfc
silence be silence  ==  [46 frames] -119.2579 [Ac=-5485.9 LM=0.0] (Act=10.6)
File: Testeo/Parametros/be_S02_T2_Q_voc_AB1414.mfc
silence be silence  ==  [59 frames] -138.9068 [Ac=-8195.5 LM=0.0] (Act=11.1)
Pruning-Off
Pruning-Off
Pruning-Off
Read 4 physical / 4 logical HMMs
Read lattice with 7 nodes / 7 arcs
 WARNING [-8221]  InitPronHolders: Total of 2 duplicate pronunciations removed in HVite
Created network with 15 nodes / 15 links
File: Testeo/Parametros/ba_S03_T1_Q_voc_AB1414.mfc
silence ba silence  ==  [39 frames] -109.8602 [Ac=-4284.5 LM=0.0] (Act=10.1)
File: Testeo/Parametros/ba_S03_T2_Q_voc_AB1414.mfc
silence ba silence  ==  [39 frames] -115.5696 [Ac=-4507.2 LM=0.0] (Act=10.1)
File: Testeo/Parametros/be_S03_T1_Q_voc_AB1414.mfc
silence be silence  ==  [38 frames] -108.3766 [Ac=-4118.3 LM=0.0] (Act=10.1)
File: Testeo/Parametros/be_S03_T2_Q_voc_AB1414.mfc
silence be silence  ==  [40 frames] -108.6367 [Ac=-4345.5 LM=0.0] (Act=10.2)
Pruning-Off
Pruning-Off
Pruning-Off
Read 4 physical / 4 logical HMMs
Read lattice with 7 nodes / 7 arcs
 WARNING [-8221]  InitPronHolders: Total of 2 duplicate pronunciations removed in HVite
Created network with 15 nodes / 15 links
File: Testeo/Parametros/ba_S04_T1_Q_voc_AB1414.mfc
silence ba silence  ==  [33 frames] -102.9576 [Ac=-3397.6 LM=0.0] (Act=9.6)
File: Testeo/Parametros/ba_S04_T2_Q_voc_AB1414.mfc
silence ba silence  ==  [34 frames] -102.1697 [Ac=-3473.8 LM=0.0] (Act=9.7)
File: Testeo/Parametros/be_S04_T1_Q_voc_AB1414.mfc
silence be silence  ==  [31 frames] -107.0609 [Ac=-3318.9 LM=0.0] (Act=9.4)
File: Testeo/Parametros/be_S04_T2_Q_voc_AB1414.mfc
silence be silence  ==  [35 frames] -104.8390 [Ac=-3669.4 LM=0.0] (Act=9.8)
Pruning-Off
Pruning-Off
Pruning-Off
Read 4 physical / 4 logical HMMs
Read lattice with 7 nodes / 7 arcs
 WARNING [-8221]  InitPronHolders: Total of 2 duplicate pronunciations removed in HVite
Created network with 15 nodes / 15 links
File: Testeo/Parametros/ba_S05_T1_Q_voc_AB1414.mfc
silence ba silence  ==  [41 frames] -109.6613 [Ac=-4496.1 LM=0.0] (Act=10.3)
File: Testeo/Parametros/ba_S05_T2_Q_voc_AB1414.mfc
silence ba silence  ==  [37 frames] -109.4815 [Ac=-4050.8 LM=0.0] (Act=10.0)
File: Testeo/Parametros/be_S05_T1_Q_voc_AB1414.mfc
silence be silence  ==  [40 frames] -106.5587 [Ac=-4262.3 LM=0.0] (Act=10.2)
File: Testeo/Parametros/be_S05_T2_Q_voc_AB1414.mfc
silence be silence  ==  [31 frames] -112.7916 [Ac=-3496.5 LM=0.0] (Act=9.4)
Pruning-Off
Pruning-Off
Pruning-Off
Read 4 physical / 4 logical HMMs
Read lattice with 7 nodes / 7 arcs
 WARNING [-8221]  InitPronHolders: Total of 2 duplicate pronunciations removed in HVite
Created network with 15 nodes / 15 links
File: Testeo/Parametros/ba_S06_T1_Q_voc_AB1414.mfc
silence ba silence  ==  [49 frames] -102.8442 [Ac=-5039.4 LM=0.0] (Act=10.7)
File: Testeo/Parametros/ba_S06_T2_Q_voc_AB1414.mfc
silence ba silence  ==  [48 frames] -100.3609 [Ac=-4817.3 LM=0.0] (Act=10.7)
File: Testeo/Parametros/be_S06_T1_Q_voc_AB1414.mfc
silence be silence  ==  [51 frames] -108.6524 [Ac=-5541.3 LM=0.0] (Act=10.8)
File: Testeo/Parametros/be_S06_T2_Q_voc_AB1414.mfc
silence be silence  ==  [47 frames] -108.5152 [Ac=-5100.2 LM=0.0] (Act=10.6)
Pruning-Off
Pruning-Off
Pruning-Off
Read 4 physical / 4 logical HMMs
Read lattice with 7 nodes / 7 arcs
 WARNING [-8221]  InitPronHolders: Total of 2 duplicate pronunciations removed in HVite
Created network with 15 nodes / 15 links
File: Testeo/Parametros/ba_S07_T1_Q_voc_AB1414.mfc
silence ba silence  ==  [36 frames] -106.5147 [Ac=-3834.5 LM=0.0] (Act=9.9)
File: Testeo/Parametros/ba_S07_T2_Q_voc_AB1414.mfc
silence ba silence  ==  [46 frames] -103.3359 [Ac=-4753.5 LM=0.0] (Act=10.6)
File: Testeo/Parametros/be_S07_T1_Q_voc_AB1414.mfc
silence be silence  ==  [39 frames] -108.7131 [Ac=-4239.8 LM=0.0] (Act=10.1)
File: Testeo/Parametros/be_S07_T2_Q_voc_AB1414.mfc
silence be silence  ==  [42 frames] -103.0909 [Ac=-4329.8 LM=0.0] (Act=10.3)
Pruning-Off
Pruning-Off
Pruning-Off
Read 4 physical / 4 logical HMMs
Read lattice with 7 nodes / 7 arcs
 WARNING [-8221]  InitPronHolders: Total of 2 duplicate pronunciations removed in HVite
Created network with 15 nodes / 15 links
File: Testeo/Parametros/ba_S08_T1_Q_voc_AB1414.mfc
silence ba silence  ==  [47 frames] -102.8070 [Ac=-4831.9 LM=0.0] (Act=10.6)
File: Testeo/Parametros/ba_S08_T2_Q_voc_AB1414.mfc
silence ba silence  ==  [59 frames] -104.2245 [Ac=-6149.2 LM=0.0] (Act=11.1)
File: Testeo/Parametros/be_S08_T1_Q_voc_AB1414.mfc
silence be silence  ==  [41 frames] -104.2198 [Ac=-4273.0 LM=0.0] (Act=10.3)
File: Testeo/Parametros/be_S08_T2_Q_voc_AB1414.mfc
silence be silence  ==  [63 frames] -102.8115 [Ac=-6477.1 LM=0.0] (Act=11.2)
Pruning-Off
Pruning-Off
Pruning-Off
Read 4 physical / 4 logical HMMs
Read lattice with 7 nodes / 7 arcs
 WARNING [-8221]  InitPronHolders: Total of 2 duplicate pronunciations removed in HVite
Created network with 15 nodes / 15 links
File: Testeo/Parametros/ba_S09_T1_Q_voc_AB1414.mfc
silence ba silence  ==  [40 frames] -101.5275 [Ac=-4061.1 LM=0.0] (Act=10.2)
File: Testeo/Parametros/ba_S09_T2_Q_voc_AB1414.mfc
silence ba silence  ==  [38 frames] -105.3251 [Ac=-4002.4 LM=0.0] (Act=10.1)
File: Testeo/Parametros/be_S09_T1_Q_voc_AB1414.mfc
silence be silence  ==  [38 frames] -104.3325 [Ac=-3964.6 LM=0.0] (Act=10.1)
File: Testeo/Parametros/be_S09_T2_Q_voc_AB1414.mfc
silence be silence  ==  [34 frames] -100.7346 [Ac=-3425.0 LM=0.0] (Act=9.7)
Pruning-Off
Pruning-Off
Pruning-Off
Read 4 physical / 4 logical HMMs
Read lattice with 7 nodes / 7 arcs
 WARNING [-8221]  InitPronHolders: Total of 2 duplicate pronunciations removed in HVite
Created network with 15 nodes / 15 links
File: Testeo/Parametros/ba_S10_T1_Q_voc_AB1414.mfc
silence ba silence  ==  [34 frames] -106.1167 [Ac=-3608.0 LM=0.0] (Act=9.7)
File: Testeo/Parametros/ba_S10_T2_Q_voc_AB1414.mfc
silence ba silence  ==  [39 frames] -105.4012 [Ac=-4110.6 LM=0.0] (Act=10.1)
File: Testeo/Parametros/be_S10_T1_Q_voc_AB1414.mfc
silence be silence  ==  [33 frames] -105.0803 [Ac=-3467.7 LM=0.0] (Act=9.6)
File: Testeo/Parametros/be_S10_T2_Q_voc_AB1414.mfc
silence be silence  ==  [45 frames] -104.6779 [Ac=-4710.5 LM=0.0] (Act=10.5)
Pruning-Off
Pruning-Off
Pruning-Off
Read 4 physical / 4 logical HMMs
Read lattice with 7 nodes / 7 arcs
 WARNING [-8221]  InitPronHolders: Total of 2 duplicate pronunciations removed in HVite
Created network with 15 nodes / 15 links
File: Testeo/Parametros/ba_S11_T1_Q_voc_AB1414.mfc
silence ba silence  ==  [45 frames] -110.0833 [Ac=-4953.7 LM=0.0] (Act=10.5)
File: Testeo/Parametros/ba_S11_T2_Q_voc_AB1414.mfc
silence ba silence  ==  [37 frames] -115.4380 [Ac=-4271.2 LM=0.0] (Act=10.0)
File: Testeo/Parametros/be_S11_T1_Q_voc_AB1414.mfc
silence be silence  ==  [37 frames] -109.1558 [Ac=-4038.8 LM=0.0] (Act=10.0)
File: Testeo/Parametros/be_S11_T2_Q_voc_AB1414.mfc
silence be silence  ==  [34 frames] -110.7680 [Ac=-3766.1 LM=0.0] (Act=9.7)
Pruning-Off
Pruning-Off
Pruning-Off
Read 4 physical / 4 logical HMMs
Read lattice with 7 nodes / 7 arcs
 WARNING [-8221]  InitPronHolders: Total of 2 duplicate pronunciations removed in HVite
Created network with 15 nodes / 15 links
File: Testeo/Parametros/ba_S12_T1_Q_voc_AB1414.mfc
silence ba silence  ==  [39 frames] -106.3464 [Ac=-4147.5 LM=0.0] (Act=10.1)
File: Testeo/Parametros/ba_S12_T2_Q_voc_AB1414.mfc
silence ba silence  ==  [43 frames] -107.6018 [Ac=-4626.9 LM=0.0] (Act=10.4)
File: Testeo/Parametros/be_S12_T1_Q_voc_AB1414.mfc
silence be silence  ==  [38 frames] -106.5641 [Ac=-4049.4 LM=0.0] (Act=10.1)
File: Testeo/Parametros/be_S12_T2_Q_voc_AB1414.mfc
silence be silence  ==  [45 frames] -100.9707 [Ac=-4543.7 LM=0.0] (Act=10.5)
Pruning-Off
Pruning-Off
Pruning-Off
Read 4 physical / 4 logical HMMs
Read lattice with 7 nodes / 7 arcs
 WARNING [-8221]  InitPronHolders: Total of 2 duplicate pronunciations removed in HVite
Created network with 15 nodes / 15 links
File: Testeo/Parametros/ba_S13_T1_Q_voc_AB1414.mfc
silence ba silence  ==  [36 frames] -110.9508 [Ac=-3994.2 LM=0.0] (Act=9.9)
File: Testeo/Parametros/be_S13_T1_Q_voc_AB1414.mfc
silence be silence  ==  [37 frames] -103.6889 [Ac=-3836.5 LM=0.0] (Act=10.0)
Pruning-Off
Pruning-Off
Pruning-Off
Read 4 physical / 4 logical HMMs
Read lattice with 7 nodes / 7 arcs
 WARNING [-8221]  InitPronHolders: Total of 2 duplicate pronunciations removed in HVite
Created network with 15 nodes / 15 links
File: Testeo/Parametros/ba_S14_T1_Q_voc_AB1414.mfc
silence ba silence  ==  [45 frames] -106.9380 [Ac=-4812.2 LM=0.0] (Act=10.5)
File: Testeo/Parametros/be_S14_T1_Q_voc_AB1414.mfc
silence be silence  ==  [49 frames] -109.2820 [Ac=-5354.8 LM=0.0] (Act=10.7)
['ba', 'b', 'a', 'be', 'b', 'e']
6
METIDO en HTK
MFCC_0_D_A
48
Extracción: YES
Parámetros MFCC_0_D_A  generados de HTK
Gramatica Hecha
6
Diccionario Hecho
HCompV Hecho
Primera re-estimación
Segunda re-estimación
Tercera re-estimación
Reconocimiento Hecho
Sujeto de testeo: S01 TERMINADO. SIMULACION --> simulacion_1
 

Gramatica Hecha
6
Diccionario Hecho
HCompV Hecho
Primera re-estimación
Segunda re-estimación
Tercera re-estimación
Reconocimiento Hecho
Sujeto de testeo: S02 TERMINADO. SIMULACION --> simulacion_1
 

Gramatica Hecha
6
Diccionario Hecho
HCompV Hecho
Primera re-estimación
Segunda re-estimación
Tercera re-estimación
Reconocimiento Hecho
Sujeto de testeo: S03 TERMINADO. SIMULACION --> simulacion_1
 

Gramatica Hecha
6
Diccionario Hecho
HCompV Hecho
Primera re-estimación
Segunda re-estimación
Tercera re-estimación
Reconocimiento Hecho
Sujeto de testeo: S04 TERMINADO. SIMULACION --> simulacion_1
 

Gramatica Hecha
6
Diccionario Hecho
HCompV Hecho
Primera re-estimación
Segunda re-estimación
Tercera re-estimación
Reconocimiento Hecho
Sujeto de testeo: S05 TERMINADO. SIMULACION --> simulacion_1
 

Gramatica Hecha
6
Diccionario Hecho
HCompV Hecho
Primera re-estimación
Segunda re-estimación
Tercera re-estimación
Reconocimiento Hecho
Sujeto de testeo: S06 TERMINADO. SIMULACION --> simulacion_1
 

Gramatica Hecha
6
Diccionario Hecho
HCompV Hecho
Primera re-estimación
Segunda re-estimación
Tercera re-estimación
Reconocimiento Hecho
Sujeto de testeo: S07 TERMINADO. SIMULACION --> simulacion_1
 

Gramatica Hecha
6
Diccionario Hecho
HCompV Hecho
Primera re-estimación
Segunda re-estimación
Tercera re-estimación
Reconocimiento Hecho
Sujeto de testeo: S08 TERMINADO. SIMULACION --> simulacion_1
 

Gramatica Hecha
6
Diccionario Hecho
HCompV Hecho
Primera re-estimación
Segunda re-estimación
Tercera re-estimación
Reconocimiento Hecho
Sujeto de testeo: S09 TERMINADO. SIMULACION --> simulacion_1
 

Gramatica Hecha
6
Diccionario Hecho
HCompV Hecho
Primera re-estimación
Segunda re-estimación
Tercera re-estimación
Reconocimiento Hecho
Sujeto de testeo: S10 TERMINADO. SIMULACION --> simulacion_1
 

Gramatica Hecha
6
Diccionario Hecho
HCompV Hecho
Primera re-estimación
Segunda re-estimación
Tercera re-estimación
Reconocimiento Hecho
Sujeto de testeo: S11 TERMINADO. SIMULACION --> simulacion_1
 

Gramatica Hecha
6
Diccionario Hecho
HCompV Hecho
Primera re-estimación
Segunda re-estimación
Tercera re-estimación
Reconocimiento Hecho
Sujeto de testeo: S12 TERMINADO. SIMULACION --> simulacion_1
 

Gramatica Hecha
6
Diccionario Hecho
HCompV Hecho
Primera re-estimación
Segunda re-estimación
Tercera re-estimación
Reconocimiento Hecho
Sujeto de testeo: S13 TERMINADO. SIMULACION --> simulacion_1
 

Gramatica Hecha
6
Diccionario Hecho
HCompV Hecho
Primera re-estimación
Segunda re-estimación
Tercera re-estimación
Reconocimiento Hecho
Sujeto de testeo: S14 TERMINADO. SIMULACION --> simulacion_1
 

Evaluación hecha
SIMULACION: simulacion_1 --> HECHA


----------------------------------------
----------------------------------------
----------------------------------------


MFCC_0_D_A
48
Extracción: YES
Parámetros MFCC_0_D_A  generados de HTK
Gramatica Hecha
6
Diccionario Hecho
HCompV Hecho
Primera re-estimación
Segunda re-estimación
Tercera re-estimación
Reconocimiento Hecho
Sujeto de testeo: S01 TERMINADO. SIMULACION --> simulacion_2
 

Gramatica Hecha
6
Diccionario Hecho
HCompV Hecho
Primera re-estimación
Segunda re-estimación
Tercera re-estimación
Reconocimiento Hecho
Sujeto de testeo: S02 TERMINADO. SIMULACION --> simulacion_2
 

Gramatica Hecha
6
Diccionario Hecho
HCompV Hecho
Primera re-estimación
Segunda re-estimación
Tercera re-estimación
Reconocimiento Hecho
Sujeto de testeo: S03 TERMINADO. SIMULACION --> simulacion_2
 

Gramatica Hecha
6
Diccionario Hecho
HCompV Hecho
Primera re-estimación
Segunda re-estimación
Tercera re-estimación
Reconocimiento Hecho
Sujeto de testeo: S04 TERMINADO. SIMULACION --> simulacion_2
 

Gramatica Hecha
6
Diccionario Hecho
HCompV Hecho
Primera re-estimación
Segunda re-estimación
Tercera re-estimación
Reconocimiento Hecho
Sujeto de testeo: S05 TERMINADO. SIMULACION --> simulacion_2
 

Gramatica Hecha
6
Diccionario Hecho
HCompV Hecho
Primera re-estimación
Segunda re-estimación
Tercera re-estimación
Reconocimiento Hecho
Sujeto de testeo: S06 TERMINADO. SIMULACION --> simulacion_2
 

Gramatica Hecha
6
Diccionario Hecho
HCompV Hecho
Primera re-estimación
Segunda re-estimación
Tercera re-estimación
Reconocimiento Hecho
Sujeto de testeo: S07 TERMINADO. SIMULACION --> simulacion_2
 

Gramatica Hecha
6
Diccionario Hecho
HCompV Hecho
Primera re-estimación
Segunda re-estimación
Tercera re-estimación
Reconocimiento Hecho
Sujeto de testeo: S08 TERMINADO. SIMULACION --> simulacion_2
 

Gramatica Hecha
6
Diccionario Hecho
HCompV Hecho
Primera re-estimación
Segunda re-estimación
Tercera re-estimación
Reconocimiento Hecho
Sujeto de testeo: S09 TERMINADO. SIMULACION --> simulacion_2
 

Gramatica Hecha
6
Diccionario Hecho
HCompV Hecho
Primera re-estimación
Segunda re-estimación
Tercera re-estimación
Reconocimiento Hecho
Sujeto de testeo: S10 TERMINADO. SIMULACION --> simulacion_2
 

Gramatica Hecha
6
Diccionario Hecho
HCompV Hecho
Primera re-estimación
Segunda re-estimación
Tercera re-estimación
Reconocimiento Hecho
Sujeto de testeo: S11 TERMINADO. SIMULACION --> simulacion_2
 

Gramatica Hecha
6
Diccionario Hecho
HCompV Hecho
Primera re-estimación
Segunda re-estimación
Tercera re-estimación
Reconocimiento Hecho
Sujeto de testeo: S12 TERMINADO. SIMULACION --> simulacion_2
 

Gramatica Hecha
6
Diccionario Hecho
HCompV Hecho
Primera re-estimación
Segunda re-estimación
Tercera re-estimación
Reconocimiento Hecho
Sujeto de testeo: S13 TERMINADO. SIMULACION --> simulacion_2
 

Gramatica Hecha
6
Diccionario Hecho
HCompV Hecho
Primera re-estimación
Segunda re-estimación
Tercera re-estimación
Reconocimiento Hecho
Sujeto de testeo: S14 TERMINADO. SIMULACION --> simulacion_2
 

Evaluación hecha
SIMULACION: simulacion_2 --> HECHA


----------------------------------------
----------------------------------------
----------------------------------------




TIEMPO en ejecucion ==> 0:00:08.518701
