../audios/audios_voc/Experimento1/9_15_110100110111010/be_S11_T1_Q_voc_AB1414.wav 
    -> Entrenamiento/Parametros/be_S11_T1_Q_voc_AB1414.mfc 
../audios/audios_voc/Experimento1/9_15_110100110111010/be_S13_T1_Q_voc_AB1414.wav 
    -> Entrenamiento/Parametros/be_S13_T1_Q_voc_AB1414.mfc 
../audios/audios_voc/Experimento1/9_15_110100110111010/ba_S05_T1_Q_voc_AB1414.wav 
    -> Entrenamiento/Parametros/ba_S05_T1_Q_voc_AB1414.mfc 
../audios/audios_voc/Experimento1/9_15_110100110111010/ba_S09_T2_Q_voc_AB1414.wav 
    -> Entrenamiento/Parametros/ba_S09_T2_Q_voc_AB1414.mfc 
../audios/audios_voc/Experimento1/9_15_110100110111010/ba_S04_T1_Q_voc_AB1414.wav 
    -> Entrenamiento/Parametros/ba_S04_T1_Q_voc_AB1414.mfc 
../audios/audios_voc/Experimento1/9_15_110100110111010/ba_S10_T1_Q_voc_AB1414.wav 
    -> Entrenamiento/Parametros/ba_S10_T1_Q_voc_AB1414.mfc 
../audios/audios_voc/Experimento1/9_15_110100110111010/be_S07_T2_Q_voc_AB1414.wav 
    -> Entrenamiento/Parametros/be_S07_T2_Q_voc_AB1414.mfc 
../audios/audios_voc/Experimento1/9_15_110100110111010/be_S01_T1_Q_voc_AB1414.wav 
    -> Entrenamiento/Parametros/be_S01_T1_Q_voc_AB1414.mfc 
../audios/audios_voc/Experimento1/9_15_110100110111010/be_S10_T2_Q_voc_AB1414.wav 
    -> Entrenamiento/Parametros/be_S10_T2_Q_voc_AB1414.mfc 
../audios/audios_voc/Experimento1/9_15_110100110111010/be_S11_T2_Q_voc_AB1414.wav 
    -> Entrenamiento/Parametros/be_S11_T2_Q_voc_AB1414.mfc 
../audios/audios_voc/Experimento1/9_15_110100110111010/be_S08_T1_Q_voc_AB1414.wav 
    -> Entrenamiento/Parametros/be_S08_T1_Q_voc_AB1414.mfc 
../audios/audios_voc/Experimento1/9_15_110100110111010/ba_S08_T1_Q_voc_AB1414.wav 
    -> Entrenamiento/Parametros/ba_S08_T1_Q_voc_AB1414.mfc 
../audios/audios_voc/Experimento1/9_15_110100110111010/be_S12_T1_Q_voc_AB1414.wav 
    -> Entrenamiento/Parametros/be_S12_T1_Q_voc_AB1414.mfc 
../audios/audios_voc/Experimento1/9_15_110100110111010/ba_S08_T2_Q_voc_AB1414.wav 
    -> Entrenamiento/Parametros/ba_S08_T2_Q_voc_AB1414.mfc 
../audios/audios_voc/Experimento1/9_15_110100110111010/ba_S11_T1_Q_voc_AB1414.wav 
    -> Entrenamiento/Parametros/ba_S11_T1_Q_voc_AB1414.mfc 
../audios/audios_voc/Experimento1/9_15_110100110111010/be_S09_T2_Q_voc_AB1414.wav 
    -> Entrenamiento/Parametros/be_S09_T2_Q_voc_AB1414.mfc 
../audios/audios_voc/Experimento1/9_15_110100110111010/be_S04_T1_Q_voc_AB1414.wav 
    -> Entrenamiento/Parametros/be_S04_T1_Q_voc_AB1414.mfc 
../audios/audios_voc/Experimento1/9_15_110100110111010/ba_S02_T1_Q_voc_AB1414.wav 
    -> Entrenamiento/Parametros/ba_S02_T1_Q_voc_AB1414.mfc 
../audios/audios_voc/Experimento1/9_15_110100110111010/ba_S06_T2_Q_voc_AB1414.wav 
    -> Entrenamiento/Parametros/ba_S06_T2_Q_voc_AB1414.mfc 
../audios/audios_voc/Experimento1/9_15_110100110111010/ba_S03_T2_Q_voc_AB1414.wav 
    -> Entrenamiento/Parametros/ba_S03_T2_Q_voc_AB1414.mfc 
../audios/audios_voc/Experimento1/9_15_110100110111010/ba_S01_T1_Q_voc_AB1414.wav 
    -> Entrenamiento/Parametros/ba_S01_T1_Q_voc_AB1414.mfc 
../audios/audios_voc/Experimento1/9_15_110100110111010/ba_S05_T2_Q_voc_AB1414.wav 
    -> Entrenamiento/Parametros/ba_S05_T2_Q_voc_AB1414.mfc 
../audios/audios_voc/Experimento1/9_15_110100110111010/be_S08_T2_Q_voc_AB1414.wav 
    -> Entrenamiento/Parametros/be_S08_T2_Q_voc_AB1414.mfc 
../audios/audios_voc/Experimento1/9_15_110100110111010/be_S01_T2_Q_voc_AB1414.wav 
    -> Entrenamiento/Parametros/be_S01_T2_Q_voc_AB1414.mfc 
../audios/audios_voc/Experimento1/9_15_110100110111010/be_S05_T2_Q_voc_AB1414.wav 
    -> Entrenamiento/Parametros/be_S05_T2_Q_voc_AB1414.mfc 
../audios/audios_voc/Experimento1/9_15_110100110111010/be_S05_T1_Q_voc_AB1414.wav 
    -> Entrenamiento/Parametros/be_S05_T1_Q_voc_AB1414.mfc 
../audios/audios_voc/Experimento1/9_15_110100110111010/ba_S12_T2_Q_voc_AB1414.wav 
    -> Entrenamiento/Parametros/ba_S12_T2_Q_voc_AB1414.mfc 
../audios/audios_voc/Experimento1/9_15_110100110111010/ba_S07_T1_Q_voc_AB1414.wav 
    -> Entrenamiento/Parametros/ba_S07_T1_Q_voc_AB1414.mfc 
../audios/audios_voc/Experimento1/9_15_110100110111010/ba_S03_T1_Q_voc_AB1414.wav 
    -> Entrenamiento/Parametros/ba_S03_T1_Q_voc_AB1414.mfc 
../audios/audios_voc/Experimento1/9_15_110100110111010/ba_S07_T2_Q_voc_AB1414.wav 
    -> Entrenamiento/Parametros/ba_S07_T2_Q_voc_AB1414.mfc 
../audios/audios_voc/Experimento1/9_15_110100110111010/be_S10_T1_Q_voc_AB1414.wav 
    -> Entrenamiento/Parametros/be_S10_T1_Q_voc_AB1414.mfc 
../audios/audios_voc/Experimento1/9_15_111101011010010/ba_S09_T1_Q_voc_AB1414.wav 
    -> Entrenamiento/Parametros/ba_S09_T1_Q_voc_AB1414.mfc 
../audios/audios_voc/Experimento1/9_15_111101011010010/be_S06_T2_Q_voc_AB1414.wav 
    -> Entrenamiento/Parametros/be_S06_T2_Q_voc_AB1414.mfc 
../audios/audios_voc/Experimento1/9_15_111101011010010/be_S14_T1_Q_voc_AB1414.wav 
    -> Entrenamiento/Parametros/be_S14_T1_Q_voc_AB1414.mfc 
../audios/audios_voc/Experimento1/9_15_111101011010010/be_S02_T2_Q_voc_AB1414.wav 
    -> Entrenamiento/Parametros/be_S02_T2_Q_voc_AB1414.mfc 
../audios/audios_voc/Experimento1/9_15_111101011010010/ba_S10_T2_Q_voc_AB1414.wav 
    -> Entrenamiento/Parametros/ba_S10_T2_Q_voc_AB1414.mfc 
../audios/audios_voc/Experimento1/9_15_111101011010010/ba_S11_T2_Q_voc_AB1414.wav 
    -> Entrenamiento/Parametros/ba_S11_T2_Q_voc_AB1414.mfc 
../audios/audios_voc/Experimento1/9_15_111101011010010/be_S09_T1_Q_voc_AB1414.wav 
    -> Entrenamiento/Parametros/be_S09_T1_Q_voc_AB1414.mfc 
../audios/audios_voc/Experimento1/9_15_111101011010010/ba_S06_T1_Q_voc_AB1414.wav 
    -> Entrenamiento/Parametros/ba_S06_T1_Q_voc_AB1414.mfc 
../audios/audios_voc/Experimento1/9_15_111101011010010/be_S03_T2_Q_voc_AB1414.wav 
    -> Entrenamiento/Parametros/be_S03_T2_Q_voc_AB1414.mfc 
../audios/audios_voc/Experimento1/9_15_111101011010010/ba_S12_T1_Q_voc_AB1414.wav 
    -> Entrenamiento/Parametros/ba_S12_T1_Q_voc_AB1414.mfc 
../audios/audios_voc/Experimento1/9_15_111101011010010/be_S02_T1_Q_voc_AB1414.wav 
    -> Entrenamiento/Parametros/be_S02_T1_Q_voc_AB1414.mfc 
../audios/audios_voc/Experimento1/9_15_111101011010010/be_S07_T1_Q_voc_AB1414.wav 
    -> Entrenamiento/Parametros/be_S07_T1_Q_voc_AB1414.mfc 
../audios/audios_voc/Experimento1/9_15_111101011010010/ba_S14_T1_Q_voc_AB1414.wav 
    -> Entrenamiento/Parametros/ba_S14_T1_Q_voc_AB1414.mfc 
../audios/audios_voc/Experimento1/9_15_111101011010010/ba_S01_T2_Q_voc_AB1414.wav 
    -> Entrenamiento/Parametros/ba_S01_T2_Q_voc_AB1414.mfc 
../audios/audios_voc/Experimento1/9_15_111101011010010/ba_S13_T1_Q_voc_AB1414.wav 
    -> Entrenamiento/Parametros/ba_S13_T1_Q_voc_AB1414.mfc 
../audios/audios_voc/Experimento1/9_15_111101011010010/ba_S02_T2_Q_voc_AB1414.wav 
    -> Entrenamiento/Parametros/ba_S02_T2_Q_voc_AB1414.mfc 
../audios/audios_voc/Experimento1/9_15_111101011010010/be_S04_T2_Q_voc_AB1414.wav 
    -> Entrenamiento/Parametros/be_S04_T2_Q_voc_AB1414.mfc 
../audios/audios_voc/Experimento1/9_15_111101011010010/ba_S04_T2_Q_voc_AB1414.wav 
    -> Entrenamiento/Parametros/ba_S04_T2_Q_voc_AB1414.mfc 
../audios/audios_voc/Experimento1/9_15_111101011010010/be_S03_T1_Q_voc_AB1414.wav 
    -> Entrenamiento/Parametros/be_S03_T1_Q_voc_AB1414.mfc 
../audios/audios_voc/Experimento1/9_15_111101011010010/be_S06_T1_Q_voc_AB1414.wav 
    -> Entrenamiento/Parametros/be_S06_T1_Q_voc_AB1414.mfc 
../audios/audios_voc/Experimento1/9_15_111101011010010/be_S12_T2_Q_voc_AB1414.wav 
    -> Entrenamiento/Parametros/be_S12_T2_Q_voc_AB1414.mfc 
../audios/audios_voc/Experimento1/9_15_111101011010010/be_S11_T1_Q_voc_AB1414.wav 
    -> Testeo/Parametros/be_S11_T1_Q_voc_AB1414.mfc 
../audios/audios_voc/Experimento1/9_15_111101011010010/be_S13_T1_Q_voc_AB1414.wav 
    -> Testeo/Parametros/be_S13_T1_Q_voc_AB1414.mfc 
../audios/audios_voc/Experimento1/9_15_111101011010010/ba_S05_T1_Q_voc_AB1414.wav 
    -> Testeo/Parametros/ba_S05_T1_Q_voc_AB1414.mfc 
../audios/audios_voc/Experimento1/9_15_111101011010010/ba_S09_T2_Q_voc_AB1414.wav 
    -> Testeo/Parametros/ba_S09_T2_Q_voc_AB1414.mfc 
../audios/audios_voc/Experimento1/9_15_111101011010010/ba_S04_T1_Q_voc_AB1414.wav 
    -> Testeo/Parametros/ba_S04_T1_Q_voc_AB1414.mfc 
../audios/audios_voc/Experimento1/9_15_111101011010010/ba_S10_T1_Q_voc_AB1414.wav 
    -> Testeo/Parametros/ba_S10_T1_Q_voc_AB1414.mfc 
../audios/audios_voc/Experimento1/9_15_111101011010010/be_S07_T2_Q_voc_AB1414.wav 
    -> Testeo/Parametros/be_S07_T2_Q_voc_AB1414.mfc 
../audios/audios_voc/Experimento1/9_15_111101011010010/be_S01_T1_Q_voc_AB1414.wav 
    -> Testeo/Parametros/be_S01_T1_Q_voc_AB1414.mfc 
../audios/audios_voc/Experimento1/9_15_111101011010010/be_S10_T2_Q_voc_AB1414.wav 
    -> Testeo/Parametros/be_S10_T2_Q_voc_AB1414.mfc 
../audios/audios_voc/Experimento1/9_15_111101011010010/be_S11_T2_Q_voc_AB1414.wav 
    -> Testeo/Parametros/be_S11_T2_Q_voc_AB1414.mfc 
../audios/audios_voc/Experimento1/9_15_111101011010010/be_S08_T1_Q_voc_AB1414.wav 
    -> Testeo/Parametros/be_S08_T1_Q_voc_AB1414.mfc 
../audios/audios_voc/Experimento1/9_15_111101011010010/ba_S08_T1_Q_voc_AB1414.wav 
    -> Testeo/Parametros/ba_S08_T1_Q_voc_AB1414.mfc 
../audios/audios_voc/Experimento1/9_15_111101011010010/be_S12_T1_Q_voc_AB1414.wav 
    -> Testeo/Parametros/be_S12_T1_Q_voc_AB1414.mfc 
../audios/audios_voc/Experimento1/9_15_111101011010010/ba_S08_T2_Q_voc_AB1414.wav 
    -> Testeo/Parametros/ba_S08_T2_Q_voc_AB1414.mfc 
../audios/audios_voc/Experimento1/9_15_111101011010010/ba_S11_T1_Q_voc_AB1414.wav 
    -> Testeo/Parametros/ba_S11_T1_Q_voc_AB1414.mfc 
../audios/audios_voc/Experimento1/9_15_111101011010010/be_S09_T2_Q_voc_AB1414.wav 
    -> Testeo/Parametros/be_S09_T2_Q_voc_AB1414.mfc 
../audios/audios_voc/Experimento1/9_15_111101011010010/be_S04_T1_Q_voc_AB1414.wav 
    -> Testeo/Parametros/be_S04_T1_Q_voc_AB1414.mfc 
../audios/audios_voc/Experimento1/9_15_111101011010010/ba_S02_T1_Q_voc_AB1414.wav 
    -> Testeo/Parametros/ba_S02_T1_Q_voc_AB1414.mfc 
../audios/audios_voc/Experimento1/9_15_111101011010010/ba_S06_T2_Q_voc_AB1414.wav 
    -> Testeo/Parametros/ba_S06_T2_Q_voc_AB1414.mfc 
../audios/audios_voc/Experimento1/9_15_111101011010010/ba_S03_T2_Q_voc_AB1414.wav 
    -> Testeo/Parametros/ba_S03_T2_Q_voc_AB1414.mfc 
../audios/audios_voc/Experimento1/9_15_111101011010010/ba_S01_T1_Q_voc_AB1414.wav 
    -> Testeo/Parametros/ba_S01_T1_Q_voc_AB1414.mfc 
../audios/audios_voc/Experimento1/9_15_111101011010010/ba_S05_T2_Q_voc_AB1414.wav 
    -> Testeo/Parametros/ba_S05_T2_Q_voc_AB1414.mfc 
../audios/audios_voc/Experimento1/9_15_111101011010010/be_S08_T2_Q_voc_AB1414.wav 
    -> Testeo/Parametros/be_S08_T2_Q_voc_AB1414.mfc 
../audios/audios_voc/Experimento1/9_15_111101011010010/be_S01_T2_Q_voc_AB1414.wav 
    -> Testeo/Parametros/be_S01_T2_Q_voc_AB1414.mfc 
../audios/audios_voc/Experimento1/9_15_111101011010010/be_S05_T2_Q_voc_AB1414.wav 
    -> Testeo/Parametros/be_S05_T2_Q_voc_AB1414.mfc 
../audios/audios_voc/Experimento1/9_15_111101011010010/be_S05_T1_Q_voc_AB1414.wav 
    -> Testeo/Parametros/be_S05_T1_Q_voc_AB1414.mfc 
../audios/audios_voc/Experimento1/9_15_111101011010010/ba_S12_T2_Q_voc_AB1414.wav 
    -> Testeo/Parametros/ba_S12_T2_Q_voc_AB1414.mfc 
../audios/audios_voc/Experimento1/9_15_111101011010010/ba_S07_T1_Q_voc_AB1414.wav 
    -> Testeo/Parametros/ba_S07_T1_Q_voc_AB1414.mfc 
../audios/audios_voc/Experimento1/9_15_111101011010010/ba_S03_T1_Q_voc_AB1414.wav 
    -> Testeo/Parametros/ba_S03_T1_Q_voc_AB1414.mfc 
../audios/audios_voc/Experimento1/9_15_111101011010010/ba_S07_T2_Q_voc_AB1414.wav 
    -> Testeo/Parametros/ba_S07_T2_Q_voc_AB1414.mfc 
../audios/audios_voc/Experimento1/9_15_111101011010010/be_S10_T1_Q_voc_AB1414.wav 
    -> Testeo/Parametros/be_S10_T1_Q_voc_AB1414.mfc 
../audios/audios_voc/Experimento1/9_15_111101011010010/ba_S09_T1_Q_voc_AB1414.wav 
    -> Testeo/Parametros/ba_S09_T1_Q_voc_AB1414.mfc 
../audios/audios_voc/Experimento1/9_15_111101011010010/be_S06_T2_Q_voc_AB1414.wav 
    -> Testeo/Parametros/be_S06_T2_Q_voc_AB1414.mfc 
../audios/audios_voc/Experimento1/9_15_111101011010010/be_S14_T1_Q_voc_AB1414.wav 
    -> Testeo/Parametros/be_S14_T1_Q_voc_AB1414.mfc 
../audios/audios_voc/Experimento1/9_15_111101011010010/be_S02_T2_Q_voc_AB1414.wav 
    -> Testeo/Parametros/be_S02_T2_Q_voc_AB1414.mfc 
../audios/audios_voc/Experimento1/9_15_111101011010010/ba_S10_T2_Q_voc_AB1414.wav 
    -> Testeo/Parametros/ba_S10_T2_Q_voc_AB1414.mfc 
../audios/audios_voc/Experimento1/9_15_111101011010010/ba_S11_T2_Q_voc_AB1414.wav 
    -> Testeo/Parametros/ba_S11_T2_Q_voc_AB1414.mfc 
../audios/audios_voc/Experimento1/9_15_111101011010010/be_S09_T1_Q_voc_AB1414.wav 
    -> Testeo/Parametros/be_S09_T1_Q_voc_AB1414.mfc 
../audios/audios_voc/Experimento1/9_15_111101011010010/ba_S06_T1_Q_voc_AB1414.wav 
    -> Testeo/Parametros/ba_S06_T1_Q_voc_AB1414.mfc 
../audios/audios_voc/Experimento1/9_15_111101011010010/be_S03_T2_Q_voc_AB1414.wav 
    -> Testeo/Parametros/be_S03_T2_Q_voc_AB1414.mfc 
../audios/audios_voc/Experimento1/9_15_111101011010010/ba_S12_T1_Q_voc_AB1414.wav 
    -> Testeo/Parametros/ba_S12_T1_Q_voc_AB1414.mfc 
../audios/audios_voc/Experimento1/9_15_111101011010010/be_S02_T1_Q_voc_AB1414.wav 
    -> Testeo/Parametros/be_S02_T1_Q_voc_AB1414.mfc 
../audios/audios_voc/Experimento1/9_15_111101011010010/be_S07_T1_Q_voc_AB1414.wav 
    -> Testeo/Parametros/be_S07_T1_Q_voc_AB1414.mfc 
../audios/audios_voc/Experimento1/9_15_111101011010010/ba_S14_T1_Q_voc_AB1414.wav 
    -> Testeo/Parametros/ba_S14_T1_Q_voc_AB1414.mfc 
../audios/audios_voc/Experimento1/9_15_111101011010010/ba_S01_T2_Q_voc_AB1414.wav 
    -> Testeo/Parametros/ba_S01_T2_Q_voc_AB1414.mfc 
../audios/audios_voc/Experimento1/9_15_111101011010010/ba_S13_T1_Q_voc_AB1414.wav 
    -> Testeo/Parametros/ba_S13_T1_Q_voc_AB1414.mfc 
../audios/audios_voc/Experimento1/9_15_111101011010010/ba_S02_T2_Q_voc_AB1414.wav 
    -> Testeo/Parametros/ba_S02_T2_Q_voc_AB1414.mfc 
../audios/audios_voc/Experimento1/9_15_111101011010010/be_S04_T2_Q_voc_AB1414.wav 
    -> Testeo/Parametros/be_S04_T2_Q_voc_AB1414.mfc 
../audios/audios_voc/Experimento1/9_15_111101011010010/ba_S04_T2_Q_voc_AB1414.wav 
    -> Testeo/Parametros/ba_S04_T2_Q_voc_AB1414.mfc 
../audios/audios_voc/Experimento1/9_15_111101011010010/be_S03_T1_Q_voc_AB1414.wav 
    -> Testeo/Parametros/be_S03_T1_Q_voc_AB1414.mfc 
../audios/audios_voc/Experimento1/9_15_111101011010010/be_S06_T1_Q_voc_AB1414.wav 
    -> Testeo/Parametros/be_S06_T1_Q_voc_AB1414.mfc 
../audios/audios_voc/Experimento1/9_15_111101011010010/be_S12_T2_Q_voc_AB1414.wav 
    -> Testeo/Parametros/be_S12_T2_Q_voc_AB1414.mfc 
MFCC_0_D_A
48
Extracción: YES
Parámetros MFCC_0_D_A  generados de HTK
Gramatica Hecha
Diccionario Hecho
HCompV Hecho
Primera re-estimación
Segunda re-estimación
Tercera re-estimación
Reconocimiento Hecho
Sujeto de testeo: S01 TERMINADO. SIMULACION --> 9_15_110100110111010
 

Gramatica Hecha
Diccionario Hecho
HCompV Hecho
